# JRE version: Java(TM) SE Runtime Environment (7.0_71-b14) (build 1.7.0_71-b14)
# Java VM: Java HotSpot(TM) 64-Bit Server VM (24.71-b01 mixed mode bsd-amd64 compressed oops)
Heap
 PSYoungGen      total 210432K, used 36371K [0x00000007f0000000, 0x00000007ffa80000, 0x0000000800000000)
  eden space 170496K, 10% used [0x00000007f0000000,0x00000007f1213a38,0x00000007fa680000)
  from space 39936K, 44% used [0x00000007fd380000,0x00000007fe4f1310,0x00000007ffa80000)
  to   space 43008K, 0% used [0x00000007fa680000,0x00000007fa680000,0x00000007fd080000)
 ParOldGen       total 163328K, used 113426K [0x00000007d0000000, 0x00000007d9f80000, 0x00000007f0000000)
  object space 163328K, 69% used [0x00000007d0000000,0x00000007d6ec49b8,0x00000007d9f80000)
 PSPermGen       total 110080K, used 80557K [0x00000007c0000000, 0x00000007c6b80000, 0x00000007d0000000)
  object space 110080K, 73% used [0x00000007c0000000,0x00000007c4eab530,0x00000007c6b80000)
GC Heap History (10 events):
Event: 70.312 GC heap before
{Heap before GC invocations=47 (full 3):
 PSYoungGen      total 206848K, used 169336K [0x00000007f0000000, 0x0000000800000000, 0x0000000800000000)
  eden space 154624K, 100% used [0x00000007f0000000,0x00000007f9700000,0x00000007f9700000)
  from space 52224K, 28% used [0x00000007f9700000,0x00000007fa55e1e0,0x00000007fca00000)
  to   space 51200K, 0% used [0x00000007fce00000,0x00000007fce00000,0x0000000800000000)
 ParOldGen       total 163328K, used 108882K [0x00000007d0000000, 0x00000007d9f80000, 0x00000007f0000000)
  object space 163328K, 66% used [0x00000007d0000000,0x00000007d6a54808,0x00000007d9f80000)
 PSPermGen       total 110080K, used 79486K [0x00000007c0000000, 0x00000007c6b80000, 0x00000007d0000000)
  object space 110080K, 72% used [0x00000007c0000000,0x00000007c4d9fb60,0x00000007c6b80000)
Event: 70.333 GC heap after
Heap after GC invocations=47 (full 3):
 PSYoungGen      total 205824K, used 14881K [0x00000007f0000000, 0x00000007ffc00000, 0x0000000800000000)
  eden space 158720K, 0% used [0x00000007f0000000,0x00000007f0000000,0x00000007f9b00000)
  from space 47104K, 31% used [0x00000007fce00000,0x00000007fdc88738,0x00000007ffc00000)
  to   space 49664K, 0% used [0x00000007f9b00000,0x00000007f9b00000,0x00000007fcb80000)
 ParOldGen       total 163328K, used 108882K [0x00000007d0000000, 0x00000007d9f80000, 0x00000007f0000000)
  object space 163328K, 66% used [0x00000007d0000000,0x00000007d6a54808,0x00000007d9f80000)
 PSPermGen       total 110080K, used 79486K [0x00000007c0000000, 0x00000007c6b80000, 0x00000007d0000000)
  object space 110080K, 72% used [0x00000007c0000000,0x00000007c4d9fb60,0x00000007c6b80000)
}
Event: 70.701 GC heap before
{Heap before GC invocations=48 (full 3):
 PSYoungGen      total 205824K, used 173601K [0x00000007f0000000, 0x00000007ffc00000, 0x0000000800000000)
  eden space 158720K, 100% used [0x00000007f0000000,0x00000007f9b00000,0x00000007f9b00000)
  from space 47104K, 31% used [0x00000007fce00000,0x00000007fdc88738,0x00000007ffc00000)
  to   space 49664K, 0% used [0x00000007f9b00000,0x00000007f9b00000,0x00000007fcb80000)
 ParOldGen       total 163328K, used 108882K [0x00000007d0000000, 0x00000007d9f80000, 0x00000007f0000000)
  object space 163328K, 66% used [0x00000007d0000000,0x00000007d6a54808,0x00000007d9f80000)
 PSPermGen       total 110080K, used 79497K [0x00000007c0000000, 0x00000007c6b80000, 0x00000007d0000000)
  object space 110080K, 72% used [0x00000007c0000000,0x00000007c4da24f0,0x00000007c6b80000)
Event: 70.721 GC heap after
Heap after GC invocations=48 (full 3):
 PSYoungGen      total 208384K, used 14897K [0x00000007f0000000, 0x00000007fff80000, 0x0000000800000000)
  eden space 158720K, 0% used [0x00000007f0000000,0x00000007f0000000,0x00000007f9b00000)
  from space 49664K, 29% used [0x00000007f9b00000,0x00000007fa98c728,0x00000007fcb80000)
  to   space 48128K, 0% used [0x00000007fd080000,0x00000007fd080000,0x00000007fff80000)
 ParOldGen       total 163328K, used 108882K [0x00000007d0000000, 0x00000007d9f80000, 0x00000007f0000000)
  object space 163328K, 66% used [0x00000007d0000000,0x00000007d6a54808,0x00000007d9f80000)
 PSPermGen       total 110080K, used 79497K [0x00000007c0000000, 0x00000007c6b80000, 0x00000007d0000000)
  object space 110080K, 72% used [0x00000007c0000000,0x00000007c4da24f0,0x00000007c6b80000)
}
Event: 70.936 GC heap before
{Heap before GC invocations=49 (full 3):
 PSYoungGen      total 208384K, used 173617K [0x00000007f0000000, 0x00000007fff80000, 0x0000000800000000)
  eden space 158720K, 100% used [0x00000007f0000000,0x00000007f9b00000,0x00000007f9b00000)
  from space 49664K, 29% used [0x00000007f9b00000,0x00000007fa98c728,0x00000007fcb80000)
  to   space 48128K, 0% used [0x00000007fd080000,0x00000007fd080000,0x00000007fff80000)
 ParOldGen       total 163328K, used 108882K [0x00000007d0000000, 0x00000007d9f80000, 0x00000007f0000000)
  object space 163328K, 66% used [0x00000007d0000000,0x00000007d6a54808,0x00000007d9f80000)
 PSPermGen       total 110080K, used 79502K [0x00000007c0000000, 0x00000007c6b80000, 0x00000007d0000000)
  object space 110080K, 72% used [0x00000007c0000000,0x00000007c4da3830,0x00000007c6b80000)
Event: 70.957 GC heap after
Heap after GC invocations=49 (full 3):
 PSYoungGen      total 208384K, used 14906K [0x00000007f0000000, 0x00000007ffb80000, 0x0000000800000000)
  eden space 164352K, 0% used [0x00000007f0000000,0x00000007f0000000,0x00000007fa080000)
  from space 44032K, 33% used [0x00000007fd080000,0x00000007fdf0e928,0x00000007ffb80000)
  to   space 46592K, 0% used [0x00000007fa080000,0x00000007fa080000,0x00000007fce00000)
 ParOldGen       total 163328K, used 108882K [0x00000007d0000000, 0x00000007d9f80000, 0x00000007f0000000)
  object space 163328K, 66% used [0x00000007d0000000,0x00000007d6a54808,0x00000007d9f80000)
 PSPermGen       total 110080K, used 79502K [0x00000007c0000000, 0x00000007c6b80000, 0x00000007d0000000)
  object space 110080K, 72% used [0x00000007c0000000,0x00000007c4da3830,0x00000007c6b80000)
}
Event: 71.971 GC heap before
{Heap before GC invocations=50 (full 3):
 PSYoungGen      total 208384K, used 179258K [0x00000007f0000000, 0x00000007ffb80000, 0x0000000800000000)
  eden space 164352K, 100% used [0x00000007f0000000,0x00000007fa080000,0x00000007fa080000)
  from space 44032K, 33% used [0x00000007fd080000,0x00000007fdf0e928,0x00000007ffb80000)
  to   space 46592K, 0% used [0x00000007fa080000,0x00000007fa080000,0x00000007fce00000)
 ParOldGen       total 163328K, used 108882K [0x00000007d0000000, 0x00000007d9f80000, 0x00000007f0000000)
  object space 163328K, 66% used [0x00000007d0000000,0x00000007d6a54808,0x00000007d9f80000)
 PSPermGen       total 110080K, used 79811K [0x00000007c0000000, 0x00000007c6b80000, 0x00000007d0000000)
  object space 110080K, 72% used [0x00000007c0000000,0x00000007c4df0c90,0x00000007c6b80000)
Event: 71.996 GC heap after
Heap after GC invocations=50 (full 3):
 PSYoungGen      total 210944K, used 15311K [0x00000007f0000000, 0x00000007fff80000, 0x0000000800000000)
  eden space 164352K, 0% used [0x00000007f0000000,0x00000007f0000000,0x00000007fa080000)
  from space 46592K, 32% used [0x00000007fa080000,0x00000007faf73e58,0x00000007fce00000)
  to   space 45056K, 0% used [0x00000007fd380000,0x00000007fd380000,0x00000007fff80000)
 ParOldGen       total 163328K, used 112226K [0x00000007d0000000, 0x00000007d9f80000, 0x00000007f0000000)
  object space 163328K, 68% used [0x00000007d0000000,0x00000007d6d988d8,0x00000007d9f80000)
 PSPermGen       total 110080K, used 79811K [0x00000007c0000000, 0x00000007c6b80000, 0x00000007d0000000)
  object space 110080K, 72% used [0x00000007c0000000,0x00000007c4df0c90,0x00000007c6b80000)
}
Event: 156.568 GC heap before
{Heap before GC invocations=51 (full 3):
 PSYoungGen      total 210944K, used 179663K [0x00000007f0000000, 0x00000007fff80000, 0x0000000800000000)
  eden space 164352K, 100% used [0x00000007f0000000,0x00000007fa080000,0x00000007fa080000)
  from space 46592K, 32% used [0x00000007fa080000,0x00000007faf73e58,0x00000007fce00000)
  to   space 45056K, 0% used [0x00000007fd380000,0x00000007fd380000,0x00000007fff80000)
 ParOldGen       total 163328K, used 112226K [0x00000007d0000000, 0x00000007d9f80000, 0x00000007f0000000)
  object space 163328K, 68% used [0x00000007d0000000,0x00000007d6d988d8,0x00000007d9f80000)
 PSPermGen       total 110080K, used 80542K [0x00000007c0000000, 0x00000007c6b80000, 0x00000007d0000000)
  object space 110080K, 73% used [0x00000007c0000000,0x00000007c4ea7be8,0x00000007c6b80000)
Event: 156.604 GC heap after
Heap after GC invocations=51 (full 3):
 PSYoungGen      total 210432K, used 17860K [0x00000007f0000000, 0x00000007ffa80000, 0x0000000800000000)
  eden space 170496K, 0% used [0x00000007f0000000,0x00000007f0000000,0x00000007fa680000)
  from space 39936K, 44% used [0x00000007fd380000,0x00000007fe4f1310,0x00000007ffa80000)
  to   space 43008K, 0% used [0x00000007fa680000,0x00000007fa680000,0x00000007fd080000)
 ParOldGen       total 163328K, used 113426K [0x00000007d0000000, 0x00000007d9f80000, 0x00000007f0000000)
  object space 163328K, 69% used [0x00000007d0000000,0x00000007d6ec49b8,0x00000007d9f80000)
 PSPermGen       total 110080K, used 80542K [0x00000007c0000000, 0x00000007c6b80000, 0x00000007d0000000)
  object space 110080K, 73% used [0x00000007c0000000,0x00000007c4ea7be8,0x00000007c6b80000)
}

